

*******************************************************************************
Fri Nov 27 23:32:39 2020


FIT:    data read from "mu_vs_D.dat" u 3:5
        format = x:z
        #datapoints = 10
        residuals are weighted equally (unit weight)

function used for fitting: f(x)
	f(x) = a*x
BREAK: Need via and either parameter list or file

*******************************************************************************
Fri Nov 27 23:32:41 2020


FIT:    data read from "mu_vs_D.dat" u 3:5
        format = x:z
        #datapoints = 10
        residuals are weighted equally (unit weight)

function used for fitting: f(x)
	f(x) = a*x
fitted parameters initialized with current variable values

iter      chisq       delta/lim  lambda   a            
   0 5.5793088419e+01   0.00e+00  1.24e+00    1.000000e+00
   4 1.7742119691e-03  -4.05e-09  1.24e-04    2.903369e+00

After 4 iterations the fit converged.
final sum of squares of residuals : 0.00177421
rel. change during last iteration : -4.04541e-14

degrees of freedom    (FIT_NDF)                        : 9
rms of residuals      (FIT_STDFIT) = sqrt(WSSR/ndf)    : 0.0140405
variance of residuals (reduced chisquare) = WSSR/ndf   : 0.000197135

Final set of parameters            Asymptotic Standard Error
=======================            ==========================
a               = 2.90337          +/- 0.003578     (0.1232%)


*******************************************************************************
Fri Nov 27 23:33:16 2020


FIT:    data read from "mu_vs_R.dat" u 2:5
        format = x:z
        #datapoints = 9
        residuals are weighted equally (unit weight)

function used for fitting: g(x)
	g(x) = b/(x**2)
fitted parameters initialized with current variable values

iter      chisq       delta/lim  lambda   b            
   0 4.1972455792e+01   0.00e+00  2.39e+00    1.000000e+00
   3 8.3908122180e+00  -4.93e-03  2.39e-03    1.809296e+00

After 3 iterations the fit converged.
final sum of squares of residuals : 8.39081
rel. change during last iteration : -4.93002e-08

degrees of freedom    (FIT_NDF)                        : 8
rms of residuals      (FIT_STDFIT) = sqrt(WSSR/ndf)    : 1.02413
variance of residuals (reduced chisquare) = WSSR/ndf   : 1.04885

Final set of parameters            Asymptotic Standard Error
=======================            ==========================
b               = 1.8093           +/- 0.143        (7.905%)


*******************************************************************************
Fri Nov 27 23:33:45 2020


FIT:    data read from "mu_vs_R.dat" u 2:5
        format = x:z
        x range restricted to [0.600000 : *]
        #datapoints = 8
        residuals are weighted equally (unit weight)

function used for fitting: g(x)
	g(x) = b/(x**2)
fitted parameters initialized with current variable values

iter      chisq       delta/lim  lambda   b            
   0 6.6549913895e+00   0.00e+00  2.24e+00    1.809296e+00
   3 1.1018810844e+00  -9.70e-03  2.24e-03    2.483674e+00

After 3 iterations the fit converged.
final sum of squares of residuals : 1.10188
rel. change during last iteration : -9.69732e-08

degrees of freedom    (FIT_NDF)                        : 7
rms of residuals      (FIT_STDFIT) = sqrt(WSSR/ndf)    : 0.396751
variance of residuals (reduced chisquare) = WSSR/ndf   : 0.157412

Final set of parameters            Asymptotic Standard Error
=======================            ==========================
b               = 2.48367          +/- 0.1135       (4.572%)


*******************************************************************************
Fri Nov 27 23:38:16 2020


FIT:    data read from "mu_vs_R.dat" u 2:5
        format = x:z
BREAK: No data to fit

*******************************************************************************
Fri Nov 27 23:43:33 2020


FIT:    data read from "mu_vs_R.dat" u 2:5
        format = x:z
        #datapoints = 11
        residuals are weighted equally (unit weight)

function used for fitting: g(x)
	g(x) = b/(x**2)
fitted parameters initialized with current variable values

iter      chisq       delta/lim  lambda   b            
   0 9.3767322113e+00   0.00e+00  4.45e-01    1.000000e+00
   3 8.6325320762e-02  -6.17e-02  4.45e-04    3.066162e+00

After 3 iterations the fit converged.
final sum of squares of residuals : 0.0863253
rel. change during last iteration : -6.16537e-07

degrees of freedom    (FIT_NDF)                        : 10
rms of residuals      (FIT_STDFIT) = sqrt(WSSR/ndf)    : 0.0929114
variance of residuals (reduced chisquare) = WSSR/ndf   : 0.00863253

Final set of parameters            Asymptotic Standard Error
=======================            ==========================
b               = 3.06616          +/- 0.06298      (2.054%)


*******************************************************************************
Fri Nov 27 23:49:24 2020


FIT:    data read from "mu_vs_D.dat" u 3:5
        format = x:z
        #datapoints = 10
        residuals are weighted equally (unit weight)

function used for fitting: f(x)
	f(x) = a*x
fitted parameters initialized with current variable values

iter      chisq       delta/lim  lambda   a            
   0 5.5793088419e+01   0.00e+00  1.24e+00    1.000000e+00
   4 1.7742119691e-03  -4.05e-09  1.24e-04    2.903369e+00

After 4 iterations the fit converged.
final sum of squares of residuals : 0.00177421
rel. change during last iteration : -4.04541e-14

degrees of freedom    (FIT_NDF)                        : 9
rms of residuals      (FIT_STDFIT) = sqrt(WSSR/ndf)    : 0.0140405
variance of residuals (reduced chisquare) = WSSR/ndf   : 0.000197135

Final set of parameters            Asymptotic Standard Error
=======================            ==========================
a               = 2.90337          +/- 0.003578     (0.1232%)


*******************************************************************************
Fri Nov 27 23:49:24 2020


FIT:    data read from "mu_vs_R.dat" u 2:5
        format = x:z
        #datapoints = 11
        residuals are weighted equally (unit weight)

function used for fitting: g(x)
	g(x) = b/(x**2)
fitted parameters initialized with current variable values

iter      chisq       delta/lim  lambda   b            
   0 9.3767322113e+00   0.00e+00  4.45e-01    1.000000e+00
   3 8.6325320762e-02  -6.17e-02  4.45e-04    3.066162e+00

After 3 iterations the fit converged.
final sum of squares of residuals : 0.0863253
rel. change during last iteration : -6.16537e-07

degrees of freedom    (FIT_NDF)                        : 10
rms of residuals      (FIT_STDFIT) = sqrt(WSSR/ndf)    : 0.0929114
variance of residuals (reduced chisquare) = WSSR/ndf   : 0.00863253

Final set of parameters            Asymptotic Standard Error
=======================            ==========================
b               = 3.06616          +/- 0.06298      (2.054%)


*******************************************************************************
Fri Nov 27 23:51:07 2020


FIT:    data read from "mu_vs_D.dat" u 3:5
        format = x:z
        #datapoints = 10
        residuals are weighted equally (unit weight)

function used for fitting: f(x)
	f(x) = a*x
fitted parameters initialized with current variable values

iter      chisq       delta/lim  lambda   a            
   0 5.5793088419e+01   0.00e+00  1.24e+00    1.000000e+00
   4 1.7742119691e-03  -4.05e-09  1.24e-04    2.903369e+00

After 4 iterations the fit converged.
final sum of squares of residuals : 0.00177421
rel. change during last iteration : -4.04541e-14

degrees of freedom    (FIT_NDF)                        : 9
rms of residuals      (FIT_STDFIT) = sqrt(WSSR/ndf)    : 0.0140405
variance of residuals (reduced chisquare) = WSSR/ndf   : 0.000197135

Final set of parameters            Asymptotic Standard Error
=======================            ==========================
a               = 2.90337          +/- 0.003578     (0.1232%)


*******************************************************************************
Fri Nov 27 23:51:07 2020


FIT:    data read from "mu_vs_R.dat" u 2:5
        format = x:z
        #datapoints = 11
        residuals are weighted equally (unit weight)

function used for fitting: g(x)
	g(x) = b/(x**2)
fitted parameters initialized with current variable values

iter      chisq       delta/lim  lambda   b            
   0 9.3767322113e+00   0.00e+00  4.45e-01    1.000000e+00
   3 8.6325320762e-02  -6.17e-02  4.45e-04    3.066162e+00

After 3 iterations the fit converged.
final sum of squares of residuals : 0.0863253
rel. change during last iteration : -6.16537e-07

degrees of freedom    (FIT_NDF)                        : 10
rms of residuals      (FIT_STDFIT) = sqrt(WSSR/ndf)    : 0.0929114
variance of residuals (reduced chisquare) = WSSR/ndf   : 0.00863253

Final set of parameters            Asymptotic Standard Error
=======================            ==========================
b               = 3.06616          +/- 0.06298      (2.054%)


*******************************************************************************
Fri Nov 27 23:52:26 2020


FIT:    data read from "mu_vs_D.dat" u 3:5
        format = x:z
        #datapoints = 10
        residuals are weighted equally (unit weight)

function used for fitting: f(x)
	f(x) = a*x
fitted parameters initialized with current variable values

iter      chisq       delta/lim  lambda   a            
   0 5.5793088419e+01   0.00e+00  1.24e+00    1.000000e+00
   4 1.7742119691e-03  -4.05e-09  1.24e-04    2.903369e+00

After 4 iterations the fit converged.
final sum of squares of residuals : 0.00177421
rel. change during last iteration : -4.04541e-14

degrees of freedom    (FIT_NDF)                        : 9
rms of residuals      (FIT_STDFIT) = sqrt(WSSR/ndf)    : 0.0140405
variance of residuals (reduced chisquare) = WSSR/ndf   : 0.000197135

Final set of parameters            Asymptotic Standard Error
=======================            ==========================
a               = 2.90337          +/- 0.003578     (0.1232%)


*******************************************************************************
Fri Nov 27 23:52:26 2020


FIT:    data read from "mu_vs_R.dat" u 2:5
        format = x:z
        #datapoints = 11
        residuals are weighted equally (unit weight)

function used for fitting: g(x)
	g(x) = b/(x**2)
fitted parameters initialized with current variable values

iter      chisq       delta/lim  lambda   b            
   0 9.3767322113e+00   0.00e+00  4.45e-01    1.000000e+00
   3 8.6325320762e-02  -6.17e-02  4.45e-04    3.066162e+00

After 3 iterations the fit converged.
final sum of squares of residuals : 0.0863253
rel. change during last iteration : -6.16537e-07

degrees of freedom    (FIT_NDF)                        : 10
rms of residuals      (FIT_STDFIT) = sqrt(WSSR/ndf)    : 0.0929114
variance of residuals (reduced chisquare) = WSSR/ndf   : 0.00863253

Final set of parameters            Asymptotic Standard Error
=======================            ==========================
b               = 3.06616          +/- 0.06298      (2.054%)


*******************************************************************************
Sat Nov 28 02:15:34 2020


FIT:    data read from "mu_vs_D.dat" u 3:5
        format = x:z
        #datapoints = 10
        residuals are weighted equally (unit weight)

function used for fitting: f(x)
	f(x) = a*x
fitted parameters initialized with current variable values

iter      chisq       delta/lim  lambda   a            
   0 5.5793088419e+01   0.00e+00  1.24e+00    1.000000e+00
   4 1.7742119691e-03  -4.05e-09  1.24e-04    2.903369e+00

After 4 iterations the fit converged.
final sum of squares of residuals : 0.00177421
rel. change during last iteration : -4.04541e-14

degrees of freedom    (FIT_NDF)                        : 9
rms of residuals      (FIT_STDFIT) = sqrt(WSSR/ndf)    : 0.0140405
variance of residuals (reduced chisquare) = WSSR/ndf   : 0.000197135

Final set of parameters            Asymptotic Standard Error
=======================            ==========================
a               = 2.90337          +/- 0.003578     (0.1232%)


*******************************************************************************
Sat Nov 28 02:15:34 2020


FIT:    data read from "mu_vs_R.dat" u 2:5
        format = x:z
        #datapoints = 11
        residuals are weighted equally (unit weight)

function used for fitting: g(x)
	g(x) = b/(x**2)
fitted parameters initialized with current variable values

iter      chisq       delta/lim  lambda   b            
   0 9.3767322113e+00   0.00e+00  4.45e-01    1.000000e+00
   3 8.6325320762e-02  -6.17e-02  4.45e-04    3.066162e+00

After 3 iterations the fit converged.
final sum of squares of residuals : 0.0863253
rel. change during last iteration : -6.16537e-07

degrees of freedom    (FIT_NDF)                        : 10
rms of residuals      (FIT_STDFIT) = sqrt(WSSR/ndf)    : 0.0929114
variance of residuals (reduced chisquare) = WSSR/ndf   : 0.00863253

Final set of parameters            Asymptotic Standard Error
=======================            ==========================
b               = 3.06616          +/- 0.06298      (2.054%)


*******************************************************************************
Sat Nov 28 02:19:06 2020


FIT:    data read from "mu_vs_D.dat" u 3:5
        format = x:z
        #datapoints = 10
        residuals are weighted equally (unit weight)

function used for fitting: f(x)
	f(x) = a*x
fitted parameters initialized with current variable values

iter      chisq       delta/lim  lambda   a            
   0 5.5793088419e+01   0.00e+00  1.24e+00    1.000000e+00
   4 1.7742119691e-03  -4.05e-09  1.24e-04    2.903369e+00

After 4 iterations the fit converged.
final sum of squares of residuals : 0.00177421
rel. change during last iteration : -4.04541e-14

degrees of freedom    (FIT_NDF)                        : 9
rms of residuals      (FIT_STDFIT) = sqrt(WSSR/ndf)    : 0.0140405
variance of residuals (reduced chisquare) = WSSR/ndf   : 0.000197135

Final set of parameters            Asymptotic Standard Error
=======================            ==========================
a               = 2.90337          +/- 0.003578     (0.1232%)


*******************************************************************************
Sat Nov 28 02:19:06 2020


FIT:    data read from "mu_vs_R.dat" u 2:5
        format = x:z
        #datapoints = 11
        residuals are weighted equally (unit weight)

function used for fitting: g(x)
	g(x) = b/(x**2)
fitted parameters initialized with current variable values

iter      chisq       delta/lim  lambda   b            
   0 9.3767322113e+00   0.00e+00  4.45e-01    1.000000e+00
   3 8.6325320762e-02  -6.17e-02  4.45e-04    3.066162e+00

After 3 iterations the fit converged.
final sum of squares of residuals : 0.0863253
rel. change during last iteration : -6.16537e-07

degrees of freedom    (FIT_NDF)                        : 10
rms of residuals      (FIT_STDFIT) = sqrt(WSSR/ndf)    : 0.0929114
variance of residuals (reduced chisquare) = WSSR/ndf   : 0.00863253

Final set of parameters            Asymptotic Standard Error
=======================            ==========================
b               = 3.06616          +/- 0.06298      (2.054%)


*******************************************************************************
Sat Nov 28 02:25:57 2020


FIT:    data read from "mu_vs_D.dat" u 3:5
        format = x:z
        #datapoints = 10
        residuals are weighted equally (unit weight)

function used for fitting: f(x)
	f(x) = a*x
fitted parameters initialized with current variable values

iter      chisq       delta/lim  lambda   a            
   0 5.5793088419e+01   0.00e+00  1.24e+00    1.000000e+00
   4 1.7742119691e-03  -4.05e-09  1.24e-04    2.903369e+00

After 4 iterations the fit converged.
final sum of squares of residuals : 0.00177421
rel. change during last iteration : -4.04541e-14

degrees of freedom    (FIT_NDF)                        : 9
rms of residuals      (FIT_STDFIT) = sqrt(WSSR/ndf)    : 0.0140405
variance of residuals (reduced chisquare) = WSSR/ndf   : 0.000197135

Final set of parameters            Asymptotic Standard Error
=======================            ==========================
a               = 2.90337          +/- 0.003578     (0.1232%)


*******************************************************************************
Sat Nov 28 02:25:57 2020


FIT:    data read from "mu_vs_R.dat" u 2:5
        format = x:z
        #datapoints = 11
        residuals are weighted equally (unit weight)

function used for fitting: g(x)
	g(x) = b/(x**2)
fitted parameters initialized with current variable values

iter      chisq       delta/lim  lambda   b            
   0 9.3767322113e+00   0.00e+00  4.45e-01    1.000000e+00
   3 8.6325320762e-02  -6.17e-02  4.45e-04    3.066162e+00

After 3 iterations the fit converged.
final sum of squares of residuals : 0.0863253
rel. change during last iteration : -6.16537e-07

degrees of freedom    (FIT_NDF)                        : 10
rms of residuals      (FIT_STDFIT) = sqrt(WSSR/ndf)    : 0.0929114
variance of residuals (reduced chisquare) = WSSR/ndf   : 0.00863253

Final set of parameters            Asymptotic Standard Error
=======================            ==========================
b               = 3.06616          +/- 0.06298      (2.054%)


*******************************************************************************
Sat Nov 28 02:30:07 2020


FIT:    data read from "mu_vs_D.dat" u 3:5
        format = x:z
        #datapoints = 10
        residuals are weighted equally (unit weight)

function used for fitting: f(x)
	f(x) = a*x
fitted parameters initialized with current variable values

iter      chisq       delta/lim  lambda   a            
   0 5.5793088419e+01   0.00e+00  1.24e+00    1.000000e+00
   4 1.7742119691e-03  -4.05e-09  1.24e-04    2.903369e+00

After 4 iterations the fit converged.
final sum of squares of residuals : 0.00177421
rel. change during last iteration : -4.04541e-14

degrees of freedom    (FIT_NDF)                        : 9
rms of residuals      (FIT_STDFIT) = sqrt(WSSR/ndf)    : 0.0140405
variance of residuals (reduced chisquare) = WSSR/ndf   : 0.000197135

Final set of parameters            Asymptotic Standard Error
=======================            ==========================
a               = 2.90337          +/- 0.003578     (0.1232%)


*******************************************************************************
Sat Nov 28 02:30:07 2020


FIT:    data read from "mu_vs_R.dat" u 2:5
        format = x:z
        #datapoints = 11
        residuals are weighted equally (unit weight)

function used for fitting: g(x)
	g(x) = b/(x**2)
fitted parameters initialized with current variable values

iter      chisq       delta/lim  lambda   b            
   0 9.3767322113e+00   0.00e+00  4.45e-01    1.000000e+00
   3 8.6325320762e-02  -6.17e-02  4.45e-04    3.066162e+00

After 3 iterations the fit converged.
final sum of squares of residuals : 0.0863253
rel. change during last iteration : -6.16537e-07

degrees of freedom    (FIT_NDF)                        : 10
rms of residuals      (FIT_STDFIT) = sqrt(WSSR/ndf)    : 0.0929114
variance of residuals (reduced chisquare) = WSSR/ndf   : 0.00863253

Final set of parameters            Asymptotic Standard Error
=======================            ==========================
b               = 3.06616          +/- 0.06298      (2.054%)


*******************************************************************************
Mon Nov 30 19:21:16 2020


FIT:    data read from "mu_vs_E0.dat"
        format = z
        x range restricted to [0.00000 : 10.0000]
        #datapoints = 30
        residuals are weighted equally (unit weight)

function used for fitting: f(x)
	f(x) = a*x**2*exp(-x)
fitted parameters initialized with current variable values

iter      chisq       delta/lim  lambda   a            
   0 1.7292097701e+01   0.00e+00  3.16e-01    1.000000e+00
   3 9.4295476391e+00  -9.63e-06  3.16e-04    2.619473e+00

After 3 iterations the fit converged.
final sum of squares of residuals : 9.42955
rel. change during last iteration : -9.63423e-11

degrees of freedom    (FIT_NDF)                        : 29
rms of residuals      (FIT_STDFIT) = sqrt(WSSR/ndf)    : 0.570225
variance of residuals (reduced chisquare) = WSSR/ndf   : 0.325157

Final set of parameters            Asymptotic Standard Error
=======================            ==========================
a               = 2.61947          +/- 0.3293       (12.57%)


*******************************************************************************
Mon Nov 30 22:15:10 2020


FIT:    data read from ""
        format = z
        #datapoints = 41
        residuals are weighted equally (unit weight)

function used for fitting: g(x)
	g(x) = a*exp(-b*x)
BREAK: Need via and either parameter list or file

*******************************************************************************
Mon Nov 30 22:15:23 2020


FIT:    data read from "mu_vs_E0.dat" u 1:($5 - 2.5*$1**2*exp(-$1))
        format = x:z
        #datapoints = 41
        residuals are weighted equally (unit weight)

function used for fitting: g(x)
	g(x) = a*exp(-b*x)
fitted parameters initialized with current variable values

iter      chisq       delta/lim  lambda   a             b            
   0 2.3693563393e+01   0.00e+00  1.76e-01    1.000000e+00   1.000000e+00
   5 1.6045832734e-01   0.00e+00  1.76e+06    4.767321e+00   9.553828e-01

After 5 iterations the fit converged.
final sum of squares of residuals : 0.160458
rel. change during last iteration : 0

degrees of freedom    (FIT_NDF)                        : 39
rms of residuals      (FIT_STDFIT) = sqrt(WSSR/ndf)    : 0.0641429
variance of residuals (reduced chisquare) = WSSR/ndf   : 0.00411432

Final set of parameters            Asymptotic Standard Error
=======================            ==========================
a               = 4.76732          +/- 0.08116      (1.702%)
b               = 0.955383         +/- 0.02033      (2.128%)

correlation matrix of the fit parameters:
                a      b      
a               1.000 
b               0.786  1.000 
